<?xml version="1.0" encoding="UTF-8"?>
<!-- Generated by org.testng.reporters.JUnitReportReporter -->
<testsuite hostname="IBM-C8VJTH4" failures="0" tests="3" name="activities.GitHubActivity" time="2.469" errors="0" timestamp="2026-07-10T09:07:40 IST" skipped="0">
  <testcase classname="activities.GitHubActivity" name="addSSHKey" time="1.678"/>
  <system-out>
    <![CDATA[Generated Key ID: 156864131]]>
  </system-out>
  <testcase classname="activities.GitHubActivity" name="getSSHKey" time="0.411"/>
  <system-out>
    <![CDATA[{
    "id": 156864131,
    "key": "ssh-ed25519 AAAAC3NzaC1lZDI1NTE5AAAAIK1DC8fXPmfgDSpqQx1tT0+lHBgS7Zg/WHbf7Zf9AexG",
    "created_at": "2026-07-10T03:37:39Z",
    "last_used": null,
    "url": "https://api.github.com/user/keys/156864131",
    "title": "TestAPIKey",
    "verified": true,
    "read_only": false
}]]>
  </system-out>
  <testcase classname="activities.GitHubActivity" name="deleteSSHKey" time="0.380"/>
  <system-out>
    <![CDATA[DELETE Status: 204]]>
  </system-out>
</testsuite> <!-- activities.GitHubActivity -->
