<?xml version="1.0" encoding="UTF-8"?>
<!-- Generated by org.testng.reporters.JUnitXMLReporter -->
<testsuite ignored="0" hostname="IBM-C8VJTH4" failures="0" tests="3" name="Default test" time="3.01" errors="0" timestamp="2026-07-10T09:07:40 IST">
  <testcase classname="activities.GitHubActivity" name="addSSHKey" time="1.678"/>
  <testcase classname="activities.GitHubActivity" name="getSSHKey" time="0.411"/>
  <testcase classname="activities.GitHubActivity" name="deleteSSHKey" time="0.38"/>
</testsuite> <!-- Default test -->
